<?xml version="1.0" encoding="utf-8" standalone="no"?>
<!--This file represents the results of running a test suite-->
<test-results name="build/net-3.5.win32-MVCContrib-release//MvcContrib.UnitTests.dll" total="1270" errors="0" failures="0" not-run="1" inconclusive="0" ignored="1" skipped="0" invalid="0" date="2009-09-28" time="13:03:59">
  <environment nunit-version="2.5.2.9222" clr-version="2.0.50727.3074" os-version="Microsoft Windows NT 6.0.6001 Service Pack 1" platform="Win32NT" cwd="C:\Users\csteeg\Documents\My Dropbox\BoC\lib\MvcContrib" machine-name="W-CSTEEG" user="CSteeg" user-domain="MODERNMEDIA" />
  <culture-info current-culture="en-GB" current-uiculture="en-GB" />
  <test-suite name="build/net-3.5.win32-MVCContrib-release//MvcContrib.UnitTests.dll" executed="True" success="True" time="21.746" asserts="0">
    <results>
      <test-suite name="MvcContrib" executed="True" success="True" time="21.446" asserts="0">
        <results>
          <test-suite name="UnitTests" executed="True" success="True" time="21.441" asserts="0">
            <results>
              <test-suite name="AcceptGetAttributeTester" executed="True" success="True" time="1.717" asserts="0">
                <results>
                  <test-case name="MvcContrib.UnitTests.AcceptGetAttributeTester.Should_return_false_for_http_post" executed="True" success="True" time="1.656" asserts="1" />
                  <test-case name="MvcContrib.UnitTests.AcceptGetAttributeTester.Should_return_true_for_http_get" executed="True" success="True" time="0.010" asserts="1" />
                  <test-case name="MvcContrib.UnitTests.AcceptGetAttributeTester.Should_throw_if_controller_context_is_null" executed="True" success="True" time="0.035" asserts="0" />
                </results>
              </test-suite>
              <test-suite name="AcceptPostAttributeTester" executed="True" success="True" time="0.027" asserts="0">
                <results>
                  <test-case name="MvcContrib.UnitTests.AcceptPostAttributeTester.Should_return_false_for_http_get" executed="True" success="True" time="0.014" asserts="1" />
                  <test-case name="MvcContrib.UnitTests.AcceptPostAttributeTester.Should_return_true_for_http_post" executed="True" success="True" time="0.010" asserts="1" />
                  <test-case name="MvcContrib.UnitTests.AcceptPostAttributeTester.Should_throw_if_controller_context_is_null" executed="True" success="True" time="0.002" asserts="0" />
                </results>
              </test-suite>
              <test-suite name="ActionResults" executed="True" success="True" time="1.670" asserts="0">
                <results>
                  <test-suite name="PermanentRedirectResultTester" executed="True" success="True" time="0.034" asserts="0">
                    <results>
                      <test-case name="MvcContrib.UnitTests.ActionResults.PermanentRedirectResultTester.Should_set_redirect_location" executed="True" success="True" time="0.020" asserts="1" />
                      <test-case name="MvcContrib.UnitTests.ActionResults.PermanentRedirectResultTester.Should_set_status_code" executed="True" success="True" time="0.008" asserts="1" />
                      <test-case name="MvcContrib.UnitTests.ActionResults.PermanentRedirectResultTester.Url_should_return_the_url_to_redirect_to" executed="True" success="True" time="0.005" asserts="1" />
                    </results>
                  </test-suite>
                  <test-suite name="PermanentRedirectToActionResultTester" executed="True" success="True" time="0.108" asserts="0">
                    <results>
                      <test-case name="MvcContrib.UnitTests.ActionResults.PermanentRedirectToActionResultTester.ActionName_should_return_the_action_name" executed="True" success="True" time="0.005" asserts="1" />
                      <test-case name="MvcContrib.UnitTests.ActionResults.PermanentRedirectToActionResultTester.ControllerName_should_return_the_controller_name" executed="True" success="True" time="0.005" asserts="1" />
                      <test-case name="MvcContrib.UnitTests.ActionResults.PermanentRedirectToActionResultTester.RouteValues_should_return_the_route_values" executed="True" success="True" time="0.005" asserts="1" />
                      <test-case name="MvcContrib.UnitTests.ActionResults.PermanentRedirectToActionResultTester.Should_set_redirect_location" executed="False">
                        <reason>
                          <message><![CDATA[]]></message>
                        </reason>
                      </test-case>
                      <test-case name="MvcContrib.UnitTests.ActionResults.PermanentRedirectToActionResultTester.Should_set_status_code" executed="True" success="True" time="0.089" asserts="1" />
                    </results>
                  </test-suite>
                  <test-suite name="XmlResultTester" executed="True" success="True" time="1.523" asserts="0">
                    <results>
                      <test-case name="MvcContrib.UnitTests.ActionResults.XmlResultTester.ObjectToSerialize_should_return_the_object_to_serialize" executed="True" success="True" time="0.015" asserts="2" />
                      <test-case name="MvcContrib.UnitTests.ActionResults.XmlResultTester.Should_serialise_xml" executed="True" success="True" time="1.287" asserts="2" />
                      <test-case name="MvcContrib.UnitTests.ActionResults.XmlResultTester.Should_set_content_type" executed="True" success="True" time="0.217" asserts="1" />
                    </results>
                  </test-suite>
                </results>
              </test-suite>
              <test-suite name="Binders" executed="True" success="True" time="0.325" asserts="0">
                <results>
                  <test-suite name="SubControllerBinderTester" executed="True" success="True" time="0.048" asserts="0">
                    <results>
                      <test-case name="MvcContrib.UnitTests.Binders.SubControllerBinderTester.ShouldCreateSubcontroller" executed="True" success="True" time="0.028" asserts="1" />
                      <test-case name="MvcContrib.UnitTests.Binders.SubControllerBinderTester.ShouldDeferToDefaultBinderIfNotSubcontroller" executed="True" success="True" time="0.020" asserts="1" />
                    </results>
                  </test-suite>
                  <test-suite name="WindsorModelBinderTester" executed="True" success="True" time="0.275" asserts="0">
                    <results>
                      <test-case name="MvcContrib.UnitTests.Binders.WindsorModelBinderTester.ShouldFallbackToDefaultBinder_WhenBinderDoesNotExist" executed="True" success="True" time="0.184" asserts="1" />
                      <test-case name="MvcContrib.UnitTests.Binders.WindsorModelBinderTester.ShouldResolveTheCorrectBinder_WhenBinderExists" executed="True" success="True" time="0.084" asserts="1" />
                      <test-case name="MvcContrib.UnitTests.Binders.WindsorModelBinderTester.ShouldThrow_WhenComponentIsNotIModelBinder" executed="True" success="True" time="0.003" asserts="0" />
                    </results>
                  </test-suite>
                </results>
              </test-suite>
              <test-suite name="BrailViewEngine" executed="True" success="True" time="3.217" asserts="0">
                <results>
                  <test-suite name="BooViewEngineOptionsTester" executed="True" success="True" time="0.256" asserts="0">
                    <categories>
                      <category name="BrailViewEngine" />
                    </categories>
                    <results>
                      <test-case name="MvcContrib.UnitTests.BrailViewEngine.BooViewEngineOptionsTester.Can_Create_Options" executed="True" success="True" time="0.122" asserts="0" />
                      <test-case name="MvcContrib.UnitTests.BrailViewEngine.BooViewEngineOptionsTester.Can_Read_From_AppConfig" executed="True" success="True" time="0.133" asserts="1" />
                    </results>
                  </test-suite>
                  <test-suite name="BooViewEngineTester" executed="True" success="True" time="2.280" asserts="0">
                    <categories>
                      <category name="BrailViewEngine" />
                    </categories>
                    <results>
                      <test-case name="MvcContrib.UnitTests.BrailViewEngine.BooViewEngineTester.Can_Render_SubView_with_custom_ViewData" executed="True" success="True" time="1.404" asserts="1" />
                      <test-case name="MvcContrib.UnitTests.BrailViewEngine.BooViewEngineTester.Can_Render_View_With_Master_And_SubView" executed="True" success="True" time="0.183" asserts="1" />
                      <test-case name="MvcContrib.UnitTests.BrailViewEngine.BooViewEngineTester.Changing_View_Causes_Recompile" executed="True" success="True" time="0.241" asserts="2" />
                      <test-case name="MvcContrib.UnitTests.BrailViewEngine.BooViewEngineTester.Layout_And_View_Should_Have_ViewContext" executed="True" success="True" time="0.190" asserts="2" />
                      <test-case name="MvcContrib.UnitTests.BrailViewEngine.BooViewEngineTester.Request_ApplicationPath_Is_Placed_In_ViewData_With_SiteRoot_Key" executed="True" success="True" time="0.133" asserts="1" />
                      <test-case name="MvcContrib.UnitTests.BrailViewEngine.BooViewEngineTester.Should_Use_Custom_Base_Class" executed="True" success="True" time="0.124" asserts="1" />
                    </results>
                  </test-suite>
                  <test-suite name="BrailViewFactoryTester" executed="True" success="True" time="0.494" asserts="0">
                    <categories>
                      <category name="BrailViewEngine" />
                    </categories>
                    <results>
                      <test-case name="MvcContrib.UnitTests.BrailViewEngine.BrailViewFactoryTester.Can_Create_Default_ViewFactory" executed="True" success="True" time="0.140" asserts="1" />
                      <test-case name="MvcContrib.UnitTests.BrailViewEngine.BrailViewFactoryTester.Can_Create_View" executed="True" success="True" time="0.154" asserts="1" />
                      <test-case name="MvcContrib.UnitTests.BrailViewEngine.BrailViewFactoryTester.Depends_On_BooViewEngine" executed="True" success="True" time="0.098" asserts="0" />
                      <test-case name="MvcContrib.UnitTests.BrailViewEngine.BrailViewFactoryTester.ReleaseView_should_not_throw" executed="True" success="True" time="0.094" asserts="0" />
                    </results>
                  </test-suite>
                  <test-suite name="CodeBuilderHelperTester" executed="True" success="True" time="0.005" asserts="0">
                    <categories>
                      <category name="BrailViewEngine" />
                    </categories>
                    <results>
                      <test-case name="MvcContrib.UnitTests.BrailViewEngine.CodeBuilderHelperTester.ForCoverage" executed="True" success="True" time="0.005" asserts="0" />
                    </results>
                  </test-suite>
                  <test-suite name="DslProviderTester" executed="True" success="True" time="0.077" asserts="0">
                    <categories>
                      <category name="BrailViewEngine" />
                    </categories>
                    <results>
                      <test-case name="MvcContrib.UnitTests.BrailViewEngine.DslProviderTester.ForCoverage" executed="True" success="True" time="0.077" asserts="0" />
                    </results>
                  </test-suite>
                  <test-suite name="HtmlAttributeTester" executed="True" success="True" time="0.006" asserts="0">
                    <categories>
                      <category name="BrailViewEngine" />
                    </categories>
                    <results>
                      <test-case name="MvcContrib.UnitTests.BrailViewEngine.HtmlAttributeTester.Can_Transform_Data" executed="True" success="True" time="0.006" asserts="3" />
                    </results>
                  </test-suite>
                  <test-suite name="HtmlExtensionTester" executed="True" success="True" time="0.008" asserts="0">
                    <categories>
                      <category name="BrailViewEngine" />
                    </categories>
                    <results>
                      <test-case name="MvcContrib.UnitTests.BrailViewEngine.HtmlExtensionTester.Can_Output_Empty_Tag" executed="True" success="True" time="0.001" asserts="1" />
                      <test-case name="MvcContrib.UnitTests.BrailViewEngine.HtmlExtensionTester.Can_Output_Tag_With_Attributes" executed="True" success="True" time="0.001" asserts="1" />
                      <test-case name="MvcContrib.UnitTests.BrailViewEngine.HtmlExtensionTester.Can_Output_Tag_With_Block" executed="True" success="True" time="0.000" asserts="1" />
                      <test-case name="MvcContrib.UnitTests.BrailViewEngine.HtmlExtensionTester.html_Outputs_Html_Tag" executed="True" success="True" time="0.000" asserts="1" />
                      <test-case name="MvcContrib.UnitTests.BrailViewEngine.HtmlExtensionTester.p_Outputs_Paragraph_Tag" executed="True" success="True" time="0.000" asserts="1" />
                      <test-case name="MvcContrib.UnitTests.BrailViewEngine.HtmlExtensionTester.text_Outputs_Argument" executed="True" success="True" time="0.000" asserts="1" />
                    </results>
                  </test-suite>
                  <test-suite name="IgnoreNullTester" executed="True" success="True" time="0.014" asserts="0">
                    <categories>
                      <category name="BrailViewEngine" />
                    </categories>
                    <results>
                      <test-case name="MvcContrib.UnitTests.BrailViewEngine.IgnoreNullTester.AreEqual_Returns_Equality_Of_Targets" executed="True" success="True" time="0.002" asserts="1" />
                      <test-case name="MvcContrib.UnitTests.BrailViewEngine.IgnoreNullTester.Can_Get_With_Parameters" executed="True" success="True" time="0.003" asserts="1" />
                      <test-case name="MvcContrib.UnitTests.BrailViewEngine.IgnoreNullTester.Can_Set_With_Parameters" executed="True" success="True" time="0.002" asserts="1" />
                      <test-case name="MvcContrib.UnitTests.BrailViewEngine.IgnoreNullTester.Returns_Itself_For_Null_Targets" executed="True" success="True" time="0.001" asserts="3" />
                      <test-case name="MvcContrib.UnitTests.BrailViewEngine.IgnoreNullTester.ToString_Returns_Empty_String_For_Null_Target" executed="True" success="True" time="0.000" asserts="2" />
                      <test-case name="MvcContrib.UnitTests.BrailViewEngine.IgnoreNullTester.Wraps_Result_In_IgnoreNull" executed="True" success="True" time="0.002" asserts="4" />
                    </results>
                  </test-suite>
                  <test-suite name="RawAttributeTester" executed="True" success="True" time="0.001" asserts="0">
                    <categories>
                      <category name="BrailViewEngine" />
                    </categories>
                    <results>
                      <test-case name="MvcContrib.UnitTests.BrailViewEngine.RawAttributeTester.Does_Not_Modify_Input" executed="True" success="True" time="0.001" asserts="3" />
                    </results>
                  </test-suite>
                  <test-suite name="ReturnValueVisitorTester" executed="True" success="True" time="0.005" asserts="0">
                    <categories>
                      <category name="BrailViewEngine" />
                    </categories>
                    <results>
                      <test-case name="MvcContrib.UnitTests.BrailViewEngine.ReturnValueVisitorTester.ForCoverage" executed="True" success="True" time="0.002" asserts="0" />
                    </results>
                  </test-suite>
                  <test-suite name="XmlExtenstionTester" executed="True" success="True" time="0.051" asserts="0">
                    <categories>
                      <category name="BrailViewEngine" />
                    </categories>
                    <results>
                      <test-case name="MvcContrib.UnitTests.BrailViewEngine.XmlExtenstionTester.Can_Output_Empty_Tag" executed="True" success="True" time="0.041" asserts="1" />
                      <test-case name="MvcContrib.UnitTests.BrailViewEngine.XmlExtenstionTester.Can_Output_Tag_With_Attributes" executed="True" success="True" time="0.006" asserts="1" />
                      <test-case name="MvcContrib.UnitTests.BrailViewEngine.XmlExtenstionTester.Can_Output_Tag_With_Block" executed="True" success="True" time="0.001" asserts="1" />
                    </results>
                  </test-suite>
                </results>
              </test-suite>
              <test-suite name="Castle" executed="True" success="True" time="0.260" asserts="0">
                <results>
                  <test-suite name="WindsorControllerFactoryTester" executed="True" success="True" time="0.260" asserts="0">
                    <results>
                      <test-case name="MvcContrib.UnitTests.Castle.WindsorControllerFactoryTester.Should_throw_http_exception_if_controller_type_does_not_exist" executed="True" success="True" time="0.056" asserts="0" />
                      <test-case name="MvcContrib.UnitTests.Castle.WindsorControllerFactoryTester.ShouldDisposeOfController" executed="True" success="True" time="0.006" asserts="1" />
                      <test-case name="MvcContrib.UnitTests.Castle.WindsorControllerFactoryTester.ShouldReleaseController" executed="True" success="True" time="0.164" asserts="0" />
                      <test-case name="MvcContrib.UnitTests.Castle.WindsorControllerFactoryTester.ShouldReturnControllerWithDependencies" executed="True" success="True" time="0.020" asserts="4" />
                      <test-case name="MvcContrib.UnitTests.Castle.WindsorControllerFactoryTester.ShouldReturnTheController" executed="True" success="True" time="0.005" asserts="2" />
                      <test-case name="MvcContrib.UnitTests.Castle.WindsorControllerFactoryTester.ShouldThrowExceptionWhenContainerIsNull" executed="True" success="True" time="0.006" asserts="0" />
                    </results>
                  </test-suite>
                </results>
              </test-suite>
              <test-suite name="ControllerExtensionsTester" executed="True" success="True" time="0.193" asserts="0">
                <results>
                  <test-case name="MvcContrib.UnitTests.ControllerExtensionsTester.RedirectToAction_should_redirect_correctly_on_another_controller" executed="True" success="True" time="0.169" asserts="3" />
                  <test-case name="MvcContrib.UnitTests.ControllerExtensionsTester.RedirectToAction_should_redirect_correctly_on_same_controller" executed="True" success="True" time="0.002" asserts="3" />
                  <test-case name="MvcContrib.UnitTests.ControllerExtensionsTester.Should_not_remove_null_parameters_from_the_route_values" executed="True" success="True" time="0.010" asserts="1" />
                  <test-case name="MvcContrib.UnitTests.ControllerExtensionsTester.Should_not_remove_string_parameters_from_the_route_values" executed="True" success="True" time="0.002" asserts="2" />
                  <test-case name="MvcContrib.UnitTests.ControllerExtensionsTester.Should_remove_reference_type_parameters_from_the_route_values" executed="True" success="True" time="0.004" asserts="1" />
                  <test-case name="MvcContrib.UnitTests.ControllerExtensionsTester.Should_store_all_parameters_in_the_action_in_TempData" executed="True" success="True" time="0.003" asserts="1" />
                </results>
              </test-suite>
              <test-suite name="ControllerFactories" executed="True" success="True" time="1.694" asserts="0">
                <results>
                  <test-suite name="IoCControllerFactoryTester" executed="True" success="True" time="0.119" asserts="0">
                    <results>
                      <test-suite name="IoCControllerFactoryTester+WhenCreatedWithADependencyResolverCcontainer" executed="True" success="True" time="0.092" asserts="0">
                        <results>
                          <test-case name="MvcContrib.UnitTests.ControllerFactories.IoCControllerFactoryTester.IoCControllerFactoryTester+WhenCreatedWithADependencyResolverCcontainer.Should_call_into_the_resolver_to_create_a_controller" executed="True" success="True" time="0.087" asserts="1" />
                          <test-case name="MvcContrib.UnitTests.ControllerFactories.IoCControllerFactoryTester.IoCControllerFactoryTester+WhenCreatedWithADependencyResolverCcontainer.Should_throw_an_argument_null_exception_when_the_resolver_is_null" executed="True" success="True" time="0.002" asserts="0" />
                          <test-case name="MvcContrib.UnitTests.ControllerFactories.IoCControllerFactoryTester.IoCControllerFactoryTester+WhenCreatedWithADependencyResolverCcontainer.Should_throw_if_controller_type_cannot_be_resolved" executed="True" success="True" time="0.001" asserts="0" />
                          <test-case name="MvcContrib.UnitTests.ControllerFactories.IoCControllerFactoryTester.IoCControllerFactoryTester+WhenCreatedWithADependencyResolverCcontainer.Should_throw_if_controllerName_is_null" executed="True" success="True" time="0.000" asserts="0" />
                        </results>
                      </test-suite>
                      <test-suite name="IoCControllerFactoryTester+WhenCreatedWithoutADependencyResolverContainer" executed="True" success="True" time="0.014" asserts="0">
                        <results>
                          <test-case name="MvcContrib.UnitTests.ControllerFactories.IoCControllerFactoryTester.IoCControllerFactoryTester+WhenCreatedWithoutADependencyResolverContainer.Should_call_into_the_static_resolver_to_create_a_controller" executed="True" success="True" time="0.014" asserts="1" />
                        </results>
                      </test-suite>
                      <test-suite name="IoCControllerFactoryTester+WhenDisposeControllerIsCalled" executed="True" success="True" time="0.009" asserts="0">
                        <results>
                          <test-case name="MvcContrib.UnitTests.ControllerFactories.IoCControllerFactoryTester.IoCControllerFactoryTester+WhenDisposeControllerIsCalled.And_controller_implements_IDisposable_then_dispose_should_be_called" executed="True" success="True" time="0.002" asserts="1" />
                          <test-case name="MvcContrib.UnitTests.ControllerFactories.IoCControllerFactoryTester.IoCControllerFactoryTester+WhenDisposeControllerIsCalled.Then_ReleaseImplementation_should_be_called_on_the_default_resolver" executed="True" success="True" time="0.004" asserts="0" />
                          <test-case name="MvcContrib.UnitTests.ControllerFactories.IoCControllerFactoryTester.IoCControllerFactoryTester+WhenDisposeControllerIsCalled.Then_ReleaseImplementation_should_be_called_on_the_specified_resolver" executed="True" success="True" time="0.001" asserts="0" />
                        </results>
                      </test-suite>
                    </results>
                  </test-suite>
                  <test-suite name="SpringControllerFactoryTester+WhenAValidControllerTypeIsPassed" executed="True" success="True" time="0.850" asserts="0">
                    <results>
                      <test-case name="MvcContrib.UnitTests.ControllerFactories.SpringControllerFactoryTester+WhenAValidControllerTypeIsPassed.ShouldReturnControllerWithDependencies" executed="True" success="True" time="0.840" asserts="4" />
                      <test-case name="MvcContrib.UnitTests.ControllerFactories.SpringControllerFactoryTester+WhenAValidControllerTypeIsPassed.ShouldReturnTheController" executed="True" success="True" time="0.002" asserts="2" />
                      <test-case name="MvcContrib.UnitTests.ControllerFactories.SpringControllerFactoryTester+WhenAValidControllerTypeIsPassed.ShouldThrowExceptionForInvalidController" executed="True" success="True" time="0.003" asserts="0" />
                      <test-case name="MvcContrib.UnitTests.ControllerFactories.SpringControllerFactoryTester+WhenAValidControllerTypeIsPassed.ShouldThrowExceptionForNullControllerName" executed="True" success="True" time="0.003" asserts="0" />
                    </results>
                  </test-suite>
                  <test-suite name="SpringControllerFactoryTester+WhenConfigureNotCalled" executed="True" success="True" time="0.001" asserts="0">
                    <results>
                      <test-case name="MvcContrib.UnitTests.ControllerFactories.SpringControllerFactoryTester+WhenConfigureNotCalled.ShouldThrowExceptionForNoConfig" executed="True" success="True" time="0.000" asserts="0" />
                    </results>
                  </test-suite>
                  <test-suite name="SpringControllerFactoryTester+WhenDisposeControllerInvoked" executed="True" success="True" time="0.001" asserts="0">
                    <results>
                      <test-case name="MvcContrib.UnitTests.ControllerFactories.SpringControllerFactoryTester+WhenDisposeControllerInvoked.ControllerShouldBeDisposed" executed="True" success="True" time="0.000" asserts="1" />
                    </results>
                  </test-suite>
                  <test-suite name="SpringControllerFactoryTester+WhenPassedApplicationContext" executed="True" success="True" time="0.021" asserts="0">
                    <results>
                      <test-case name="MvcContrib.UnitTests.ControllerFactories.SpringControllerFactoryTester+WhenPassedApplicationContext.ShouldConfigureFactory" executed="True" success="True" time="0.020" asserts="2" />
                    </results>
                  </test-suite>
                  <test-suite name="StructureMapControllerFactoryTester+WhenAValidControllerTypeIsPassed" executed="True" success="True" time="0.269" asserts="0">
                    <results>
                      <test-case name="MvcContrib.UnitTests.ControllerFactories.StructureMapControllerFactoryTester+WhenAValidControllerTypeIsPassed.ShouldReturnControllerWithDependencies" executed="True" success="True" time="0.264" asserts="4" />
                      <test-case name="MvcContrib.UnitTests.ControllerFactories.StructureMapControllerFactoryTester+WhenAValidControllerTypeIsPassed.ShouldReturnTheController" executed="True" success="True" time="0.003" asserts="2" />
                    </results>
                  </test-suite>
                  <test-suite name="UnityControllerFactoryTester" executed="True" success="True" time="0.420" asserts="0">
                    <categories>
                      <category name="UnityFactory" />
                    </categories>
                    <results>
                      <test-case name="MvcContrib.UnitTests.ControllerFactories.UnityControllerFactoryTester.ShouldReturnControllerWithDependencies" executed="True" success="True" time="0.403" asserts="4" />
                      <test-case name="MvcContrib.UnitTests.ControllerFactories.UnityControllerFactoryTester.ShouldReturnTheController" executed="True" success="True" time="0.002" asserts="2" />
                      <test-case name="MvcContrib.UnitTests.ControllerFactories.UnityControllerFactoryTester.ShouldThrowExceptionWhenApplicationDoesNotImplementIContainerAccessor" executed="True" success="True" time="0.006" asserts="0" />
                      <test-case name="MvcContrib.UnitTests.ControllerFactories.UnityControllerFactoryTester.ShouldThrowExceptionWhenContainerIsNull" executed="True" success="True" time="0.004" asserts="0" />
                      <test-case name="MvcContrib.UnitTests.ControllerFactories.UnityControllerFactoryTester.ShouldThrowExceptionWhenControllerDoesNotExist" executed="True" success="True" time="0.001" asserts="0" />
                      <test-case name="MvcContrib.UnitTests.ControllerFactories.UnityControllerFactoryTester.ShouldThrowExceptionWhenRequestContextIsNull" executed="True" success="True" time="0.001" asserts="0" />
                    </results>
                  </test-suite>
                </results>
              </test-suite>
              <test-suite name="ConventionController" executed="True" success="True" time="0.201" asserts="0">
                <results>
                  <test-suite name="ConventionControllerTester" executed="True" success="True" time="0.060" asserts="0">
                    <results>
                      <test-case name="MvcContrib.UnitTests.ConventionController.ConventionControllerTester.Expression_based_redirect_to_action_should_redirect_correctly_to_another_controller" executed="True" success="True" time="0.001" asserts="3" />
                      <test-case name="MvcContrib.UnitTests.ConventionController.ConventionControllerTester.Expression_based_redirect_to_action_should_redirect_correctly_to_same_controller" executed="True" success="True" time="0.001" asserts="3" />
                      <test-case name="MvcContrib.UnitTests.ConventionController.ConventionControllerTester.RenderXml_should_return_XmlResult_object" executed="True" success="True" time="0.000" asserts="2" />
                      <test-case name="MvcContrib.UnitTests.ConventionController.ConventionControllerTester.When_a_custom_actioninvoker_is_specified_in_the_constructor_then_the_ActionInvoker_property_should_be_set" executed="True" success="True" time="0.054" asserts="1" />
                    </results>
                  </test-suite>
                  <test-suite name="RescueTester" executed="True" success="True" time="0.138" asserts="0">
                    <results>
                      <test-case name="MvcContrib.UnitTests.ConventionController.RescueTester.Ajax_Call_Should_Be_Ignored" executed="True" success="True" time="0.014" asserts="2" />
                      <test-case name="MvcContrib.UnitTests.ConventionController.RescueTester.If_rescue_exception_type_does_not_match_exception_type_then_nothing_should_be_rendered" executed="True" success="True" time="0.012" asserts="2" />
                      <test-case name="MvcContrib.UnitTests.ConventionController.RescueTester.If_rescue_exception_type_matches_exception_type_then_view_should_be_rendered" executed="True" success="True" time="0.017" asserts="0" />
                      <test-case name="MvcContrib.UnitTests.ConventionController.RescueTester.Ignored_Exception_Types_Should_Be_Ignored" executed="True" success="True" time="0.007" asserts="2" />
                      <test-case name="MvcContrib.UnitTests.ConventionController.RescueTester.Should_throw_if_ViewName_is_empty_string" executed="True" success="True" time="0.006" asserts="0" />
                      <test-case name="MvcContrib.UnitTests.ConventionController.RescueTester.ViewName_should_return_name_of_view_appended_to_Rescues_directory" executed="True" success="True" time="0.007" asserts="1" />
                      <test-case name="MvcContrib.UnitTests.ConventionController.RescueTester.When_OnActionExecuted_is_invoked_then_the_correct_view_should_be_rendered" executed="True" success="True" time="0.005" asserts="1" />
                      <test-case name="MvcContrib.UnitTests.ConventionController.RescueTester.When_PerformRescue_exact_exception_executed_first" executed="True" success="True" time="0.047" asserts="3" />
                      <test-case name="MvcContrib.UnitTests.ConventionController.RescueTester.When_PerformRescue_is_invoked_with_matching_view_and_AutoLocate_off_it_should_not_be_rendered" executed="True" success="True" time="0.005" asserts="1" />
                      <test-case name="MvcContrib.UnitTests.ConventionController.RescueTester.When_PerformRescue_is_invoked_with_matching_view_it_should_be_rendered" executed="True" success="True" time="0.005" asserts="1" />
                    </results>
                  </test-suite>
                </results>
              </test-suite>
              <test-suite name="CustomPaginationTester" executed="True" success="True" time="0.020" asserts="0">
                <results>
                  <test-case name="MvcContrib.UnitTests.CustomPaginationTester.FirstItem_should_return_index_of_first_item_in_current_page" executed="True" success="True" time="0.005" asserts="1" />
                  <test-case name="MvcContrib.UnitTests.CustomPaginationTester.HasNextPage_should_return_false_when_on_last_page" executed="True" success="True" time="0.001" asserts="1" />
                  <test-case name="MvcContrib.UnitTests.CustomPaginationTester.HasNextPage_should_return_true_when_on_first_page" executed="True" success="True" time="0.000" asserts="1" />
                  <test-case name="MvcContrib.UnitTests.CustomPaginationTester.HasPreviousPage_should_return_false_when_on_first_page" executed="True" success="True" time="0.001" asserts="1" />
                  <test-case name="MvcContrib.UnitTests.CustomPaginationTester.HasPreviousPage_should_return_true_when_not_on_first_page" executed="True" success="True" time="0.001" asserts="1" />
                  <test-case name="MvcContrib.UnitTests.CustomPaginationTester.LastItem_should_return_index_of_last_item_in_current_page" executed="True" success="True" time="0.001" asserts="1" />
                  <test-case name="MvcContrib.UnitTests.CustomPaginationTester.Should_calculate_total_pages" executed="True" success="True" time="0.001" asserts="1" />
                  <test-case name="MvcContrib.UnitTests.CustomPaginationTester.Should_enumerabe_over_items" executed="True" success="True" time="0.006" asserts="3" />
                  <test-case name="MvcContrib.UnitTests.CustomPaginationTester.Should_store_page_number" executed="True" success="True" time="0.000" asserts="1" />
                  <test-case name="MvcContrib.UnitTests.CustomPaginationTester.Should_store_page_size" executed="True" success="True" time="0.000" asserts="1" />
                  <test-case name="MvcContrib.UnitTests.CustomPaginationTester.Should_store_total_items" executed="True" success="True" time="0.000" asserts="1" />
                </results>
              </test-suite>
              <test-suite name="DefaultConvertibleTester" executed="True" success="True" time="0.086" asserts="0">
                <results>
                  <test-case name="MvcContrib.UnitTests.DefaultConvertibleTester.CanConvertBool" executed="True" success="True" time="0.003" asserts="2" />
                  <test-case name="MvcContrib.UnitTests.DefaultConvertibleTester.CanConvertBoolWithComma" executed="True" success="True" time="0.001" asserts="2" />
                  <test-case name="MvcContrib.UnitTests.DefaultConvertibleTester.CanConvertByte" executed="True" success="True" time="0.001" asserts="2" />
                  <test-case name="MvcContrib.UnitTests.DefaultConvertibleTester.CanConvertChar" executed="True" success="True" time="0.001" asserts="2" />
                  <test-case name="MvcContrib.UnitTests.DefaultConvertibleTester.CanConvertDateTime" executed="True" success="True" time="0.001" asserts="2" />
                  <test-case name="MvcContrib.UnitTests.DefaultConvertibleTester.CanConvertDecimal" executed="True" success="True" time="0.003" asserts="2" />
                  <test-case name="MvcContrib.UnitTests.DefaultConvertibleTester.CanConvertDouble" executed="True" success="True" time="0.003" asserts="2" />
                  <test-case name="MvcContrib.UnitTests.DefaultConvertibleTester.CanConvertEnum" executed="True" success="True" time="0.000" asserts="2" />
                  <test-case name="MvcContrib.UnitTests.DefaultConvertibleTester.CanConvertFloat" executed="True" success="True" time="0.002" asserts="2" />
                  <test-case name="MvcContrib.UnitTests.DefaultConvertibleTester.CanConvertGuid" executed="True" success="True" time="0.000" asserts="2" />
                  <test-case name="MvcContrib.UnitTests.DefaultConvertibleTester.CanConvertInt" executed="True" success="True" time="0.000" asserts="2" />
                  <test-case name="MvcContrib.UnitTests.DefaultConvertibleTester.CanConvertLong" executed="True" success="True" time="0.001" asserts="2" />
                  <test-case name="MvcContrib.UnitTests.DefaultConvertibleTester.CanConvertSByte" executed="True" success="True" time="0.009" asserts="2" />
                  <test-case name="MvcContrib.UnitTests.DefaultConvertibleTester.CanConvertShort" executed="True" success="True" time="0.001" asserts="2" />
                  <test-case name="MvcContrib.UnitTests.DefaultConvertibleTester.CanConvertUInt" executed="True" success="True" time="0.002" asserts="2" />
                  <test-case name="MvcContrib.UnitTests.DefaultConvertibleTester.CanConvertULong" executed="True" success="True" time="0.002" asserts="2" />
                  <test-case name="MvcContrib.UnitTests.DefaultConvertibleTester.CanConvertUShort" executed="True" success="True" time="0.001" asserts="2" />
                  <test-case name="MvcContrib.UnitTests.DefaultConvertibleTester.EnumDefaultsToDefault" executed="True" success="True" time="0.000" asserts="1" />
                  <test-case name="MvcContrib.UnitTests.DefaultConvertibleTester.EnumDefaultsToDefaultWhenNull" executed="True" success="True" time="0.000" asserts="1" />
                  <test-case name="MvcContrib.UnitTests.DefaultConvertibleTester.FallsBackToTypeConverter" executed="True" success="True" time="0.012" asserts="1" />
                  <test-case name="MvcContrib.UnitTests.DefaultConvertibleTester.GuidDefaultsToEmpty" executed="True" success="True" time="0.020" asserts="2" />
                  <test-case name="MvcContrib.UnitTests.DefaultConvertibleTester.GuidDefaultsToEmptyWhenNull" executed="True" success="True" time="0.000" asserts="1" />
                  <test-case name="MvcContrib.UnitTests.DefaultConvertibleTester.NeverThrows" executed="True" success="True" time="0.002" asserts="0" />
                  <test-case name="MvcContrib.UnitTests.DefaultConvertibleTester.ReturnsCorrectTypeCode" executed="True" success="True" time="0.001" asserts="1" />
                </results>
              </test-suite>
              <test-suite name="DslMacroTester" executed="True" success="True" time="0.356" asserts="0">
                <categories>
                  <category name="BrailViewEngine" />
                </categories>
                <results>
                  <test-case name="MvcContrib.UnitTests.DslMacroTester.ForCoverage" executed="True" success="True" time="0.355" asserts="0" />
                </results>
              </test-suite>
              <test-suite name="EmailTemplateServiceTest" executed="True" success="True" time="0.351" asserts="0">
                <results>
                  <test-case name="MvcContrib.UnitTests.EmailTemplateServiceTest.CanPreserveReponseFilterOnException" executed="True" success="True" time="0.060" asserts="1" />
                  <test-case name="MvcContrib.UnitTests.EmailTemplateServiceTest.CanPreserveResponseFilter" executed="True" success="True" time="0.112" asserts="1" />
                  <test-case name="MvcContrib.UnitTests.EmailTemplateServiceTest.CanProcessBccHeader" executed="True" success="True" time="0.025" asserts="1" />
                  <test-case name="MvcContrib.UnitTests.EmailTemplateServiceTest.CanProcessBccHeaderWithDisplayName" executed="True" success="True" time="0.010" asserts="2" />
                  <test-case name="MvcContrib.UnitTests.EmailTemplateServiceTest.CanProcessCcHeader" executed="True" success="True" time="0.008" asserts="1" />
                  <test-case name="MvcContrib.UnitTests.EmailTemplateServiceTest.CanProcessCcHeaderWithDisplayName" executed="True" success="True" time="0.008" asserts="2" />
                  <test-case name="MvcContrib.UnitTests.EmailTemplateServiceTest.CanProcessFromHeader" executed="True" success="True" time="0.009" asserts="1" />
                  <test-case name="MvcContrib.UnitTests.EmailTemplateServiceTest.CanProcessFromHeaderWithDisplayName" executed="True" success="True" time="0.008" asserts="2" />
                  <test-case name="MvcContrib.UnitTests.EmailTemplateServiceTest.CanProcessGenericHeader" executed="True" success="True" time="0.026" asserts="1" />
                  <test-case name="MvcContrib.UnitTests.EmailTemplateServiceTest.CanProcessReplyToHeader" executed="True" success="True" time="0.008" asserts="1" />
                  <test-case name="MvcContrib.UnitTests.EmailTemplateServiceTest.CanProcessReplyToHeaderWithDisplayName" executed="True" success="True" time="0.008" asserts="2" />
                  <test-case name="MvcContrib.UnitTests.EmailTemplateServiceTest.CanProcessSubjectHeader" executed="True" success="True" time="0.009" asserts="1" />
                  <test-case name="MvcContrib.UnitTests.EmailTemplateServiceTest.CanProcessToHeader" executed="True" success="True" time="0.008" asserts="1" />
                  <test-case name="MvcContrib.UnitTests.EmailTemplateServiceTest.CanProcessToHeaderWithDisplayName" executed="True" success="True" time="0.009" asserts="2" />
                  <test-case name="MvcContrib.UnitTests.EmailTemplateServiceTest.CanRenderHtmlMessage" executed="True" success="True" time="0.007" asserts="2" />
                  <test-case name="MvcContrib.UnitTests.EmailTemplateServiceTest.CanRenderMessage" executed="True" success="True" time="0.011" asserts="4" />
                  <test-case name="MvcContrib.UnitTests.EmailTemplateServiceTest.ShouldThrowIfViewCouldNotBeFound" executed="True" success="True" time="0.012" asserts="0" />
                </results>
              </test-suite>
              <test-suite name="EnumerableExtensionTests" executed="True" success="True" time="0.023" asserts="0">
                <results>
                  <test-case name="MvcContrib.UnitTests.EnumerableExtensionTests.Should_create_select_list_with_selected_value" executed="True" success="True" time="0.012" asserts="1" />
                  <test-case name="MvcContrib.UnitTests.EnumerableExtensionTests.Should_create_select_list_with_selected_value_using_selector" executed="True" success="True" time="0.001" asserts="1" />
                  <test-case name="MvcContrib.UnitTests.EnumerableExtensionTests.Should_create_select_list_with_value_and_text_field" executed="True" success="True" time="0.005" asserts="5" />
                  <test-case name="MvcContrib.UnitTests.EnumerableExtensionTests.Should_not_throw_when_value_field_is_null" executed="True" success="True" time="0.001" asserts="1" />
                </results>
              </test-suite>
              <test-suite name="Filters" executed="True" success="True" time="0.696" asserts="0">
                <results>
                  <test-suite name="DebugAttributeTester" executed="True" success="True" time="0.198" asserts="0">
                    <results>
                      <test-case name="MvcContrib.UnitTests.Filters.DebugAttributeTester.OnActionExecuting_DoesNothing" executed="True" success="True" time="0.149" asserts="1" />
                      <test-case name="MvcContrib.UnitTests.Filters.DebugAttributeTester.WhenDebugIs0InQueryString_CookieShouldBeRemovedFromResponseIfPresent_WithDebugCookie" executed="True" success="True" time="0.016" asserts="1" />
                      <test-case name="MvcContrib.UnitTests.Filters.DebugAttributeTester.WhenDebugIs0InQueryString_CookieShouldBeRemovedFromResponseIfPresent_WithoutDebugCookie" executed="True" success="True" time="0.007" asserts="1" />
                      <test-case name="MvcContrib.UnitTests.Filters.DebugAttributeTester.WhenDebugIs1InQueryString_CookieShouldBeCreatedAndAddedToResponse_WithDebugCookie" executed="True" success="True" time="0.005" asserts="2" />
                      <test-case name="MvcContrib.UnitTests.Filters.DebugAttributeTester.WhenDebugIs1InQueryString_CookieShouldBeCreatedAndAddedToResponse_WithoutDebugCookie" executed="True" success="True" time="0.013" asserts="2" />
                      <test-case name="MvcContrib.UnitTests.Filters.DebugAttributeTester.WhenDebugIsNullOrEmptyInQueryString_NothingShouldHappen" executed="True" success="True" time="0.003" asserts="0" />
                    </results>
                  </test-suite>
                  <test-suite name="LayoutAttributeTester" executed="True" success="True" time="0.072" asserts="0">
                    <results>
                      <test-case name="MvcContrib.UnitTests.Filters.LayoutAttributeTester.Should_override_layout_to_view_results_that_explicitly_set_layout" executed="True" success="True" time="0.071" asserts="1" />
                      <test-case name="MvcContrib.UnitTests.Filters.LayoutAttributeTester.Should_set_layout_to_view_results" executed="True" success="True" time="0.000" asserts="1" />
                    </results>
                  </test-suite>
                  <test-suite name="ModelStateToTempDataAttributeTests" executed="True" success="True" time="0.108" asserts="0">
                    <results>
                      <test-case name="MvcContrib.UnitTests.Filters.ModelStateToTempDataAttributeTests.Should_be_serializable" executed="True" success="True" time="0.068" asserts="0" />
                      <test-case name="MvcContrib.UnitTests.Filters.ModelStateToTempDataAttributeTests.When_a_redirect_occurs_modelstate_should_be_copied_to_tempdata" executed="True" success="True" time="0.007" asserts="4" />
                      <test-case name="MvcContrib.UnitTests.Filters.ModelStateToTempDataAttributeTests.When_a_redirect_to_route_occurs_modelstate_should_be_copied_to_tempdata" executed="True" success="True" time="0.006" asserts="4" />
                      <test-case name="MvcContrib.UnitTests.Filters.ModelStateToTempDataAttributeTests.When_a_viewresult_is_returned_and_nothing_is_in_tempdata_then_nothing_should_be_copied_to_modelstate" executed="True" success="True" time="0.008" asserts="2" />
                      <test-case name="MvcContrib.UnitTests.Filters.ModelStateToTempDataAttributeTests.When_a_viewresult_is_returned_the_modelstate_should_be_copied_from_tempdata_to_viewdata" executed="True" success="True" time="0.006" asserts="4" />
                      <test-case name="MvcContrib.UnitTests.Filters.ModelStateToTempDataAttributeTests.When_item_already_exists_in_modelstate_additional_errors_should_be_added" executed="True" success="True" time="0.006" asserts="2" />
                      <test-case name="MvcContrib.UnitTests.Filters.ModelStateToTempDataAttributeTests.When_item_already_exists_in_modelstate_value_should_be_copied" executed="True" success="True" time="0.005" asserts="1" />
                    </results>
                  </test-suite>
                  <test-suite name="MvcTransactionAttributeTester" executed="True" success="True" time="0.020" asserts="0">
                    <results>
                      <test-case name="MvcContrib.UnitTests.Filters.MvcTransactionAttributeTester.CanCreateDifferentAttributesWithCorrectParameters" executed="True" success="True" time="0.003" asserts="3" />
                      <test-case name="MvcContrib.UnitTests.Filters.MvcTransactionAttributeTester.NonStartedTransactionThrows_OnActionOnActionExecuted" executed="True" success="True" time="0.004" asserts="0" />
                      <test-case name="MvcContrib.UnitTests.Filters.MvcTransactionAttributeTester.TransactionCommitted_AndDisposed_OnActionOnActionExecuted" executed="True" success="True" time="0.004" asserts="3" />
                      <test-case name="MvcContrib.UnitTests.Filters.MvcTransactionAttributeTester.TransactionExceptionsRethrownWithNoRollback_WhenIsRollbackOnlySet_OnActionOnActionExecuted" executed="True" success="True" time="0.002" asserts="4" />
                      <test-case name="MvcContrib.UnitTests.Filters.MvcTransactionAttributeTester.TransactionRolledback_WhenExection_OnActionOnActionExecuted" executed="True" success="True" time="0.002" asserts="4" />
                      <test-case name="MvcContrib.UnitTests.Filters.MvcTransactionAttributeTester.TransactionRolledback_WhenIsRollbackOnlySet_OnActionOnActionExecuted" executed="True" success="True" time="0.002" asserts="3" />
                      <test-case name="MvcContrib.UnitTests.Filters.MvcTransactionAttributeTester.TransactionStarted_OnActionExecuting" executed="True" success="True" time="0.001" asserts="2" />
                    </results>
                  </test-suite>
                  <test-suite name="SubControllerActionToViewDataAttributeTester" executed="True" success="True" time="0.007" asserts="0">
                    <results>
                      <test-case name="MvcContrib.UnitTests.Filters.SubControllerActionToViewDataAttributeTester.ShouldIgnoreActionParametersThatAreNull" executed="True" success="True" time="0.006" asserts="2" />
                      <test-case name="MvcContrib.UnitTests.Filters.SubControllerActionToViewDataAttributeTester.ShouldPushTheActionOfEachSubcontrollerIntoViewdata" executed="True" success="True" time="0.001" asserts="2" />
                    </results>
                  </test-suite>
                  <test-suite name="TempDataToViewDataTester" executed="True" success="True" time="0.014" asserts="0">
                    <results>
                      <test-case name="MvcContrib.UnitTests.Filters.TempDataToViewDataTester.When_action_result_is_not_a_ViewResult_tempdata_should_not_be_copied_to_viewdata" executed="True" success="True" time="0.007" asserts="1" />
                      <test-case name="MvcContrib.UnitTests.Filters.TempDataToViewDataTester.When_action_result_is_ViewResult_tempdata_should_be_copied_to_viewdata" executed="True" success="True" time="0.005" asserts="3" />
                    </results>
                  </test-suite>
                  <test-suite name="UtilityHtmlExtensionsTester" executed="True" success="True" time="0.250" asserts="0">
                    <results>
                      <test-suite name="IsInDebugMode_ShouldBeCorrect" executed="True" success="True" time="0.248" asserts="0">
                        <results>
                          <test-case name="MvcContrib.UnitTests.Filters.UtilityHtmlExtensionsTester.IsInDebugMode_ShouldBeCorrect(MvcContrib.UnitTests.Filters.UtilityHtmlExtensionsTester+DebugMode)" executed="True" success="True" time="0.203" asserts="1" />
                          <test-case name="MvcContrib.UnitTests.Filters.UtilityHtmlExtensionsTester.IsInDebugMode_ShouldBeCorrect(MvcContrib.UnitTests.Filters.UtilityHtmlExtensionsTester+DebugMode)" executed="True" success="True" time="0.004" asserts="1" />
                          <test-case name="MvcContrib.UnitTests.Filters.UtilityHtmlExtensionsTester.IsInDebugMode_ShouldBeCorrect(MvcContrib.UnitTests.Filters.UtilityHtmlExtensionsTester+DebugMode)" executed="True" success="True" time="0.004" asserts="1" />
                          <test-case name="MvcContrib.UnitTests.Filters.UtilityHtmlExtensionsTester.IsInDebugMode_ShouldBeCorrect(MvcContrib.UnitTests.Filters.UtilityHtmlExtensionsTester+DebugMode)" executed="True" success="True" time="0.011" asserts="1" />
                          <test-case name="MvcContrib.UnitTests.Filters.UtilityHtmlExtensionsTester.IsInDebugMode_ShouldBeCorrect(MvcContrib.UnitTests.Filters.UtilityHtmlExtensionsTester+DebugMode)" executed="True" success="True" time="0.004" asserts="1" />
                          <test-case name="MvcContrib.UnitTests.Filters.UtilityHtmlExtensionsTester.IsInDebugMode_ShouldBeCorrect(MvcContrib.UnitTests.Filters.UtilityHtmlExtensionsTester+DebugMode)" executed="True" success="True" time="0.005" asserts="1" />
                          <test-case name="MvcContrib.UnitTests.Filters.UtilityHtmlExtensionsTester.IsInDebugMode_ShouldBeCorrect(MvcContrib.UnitTests.Filters.UtilityHtmlExtensionsTester+DebugMode)" executed="True" success="True" time="0.004" asserts="1" />
                          <test-case name="MvcContrib.UnitTests.Filters.UtilityHtmlExtensionsTester.IsInDebugMode_ShouldBeCorrect(MvcContrib.UnitTests.Filters.UtilityHtmlExtensionsTester+DebugMode)" executed="True" success="True" time="0.004" asserts="1" />
                          <test-case name="MvcContrib.UnitTests.Filters.UtilityHtmlExtensionsTester.IsInDebugMode_ShouldBeCorrect(MvcContrib.UnitTests.Filters.UtilityHtmlExtensionsTester+DebugMode)" executed="True" success="True" time="0.004" asserts="1" />
                        </results>
                      </test-suite>
                    </results>
                  </test-suite>
                  <test-suite name="When_an_action_is_executing" executed="True" success="True" time="0.007" asserts="0">
                    <results>
                      <test-case name="MvcContrib.UnitTests.Filters.When_an_action_is_executing.Should_load_the_parameter_values_out_of_TempData" executed="True" success="True" time="0.007" asserts="2" />
                    </results>
                  </test-suite>
                </results>
              </test-suite>
              <test-suite name="FluentHtml" executed="True" success="True" time="0.854" asserts="0">
                <results>
                  <test-suite name="AutoLabelTests" executed="True" success="True" time="0.170" asserts="0">
                    <results>
                      <test-case name="MvcContrib.UnitTests.FluentHtml.AutoLabelTests.auto_label_not_set_if_label_was_explicitly_set_for_the_element" executed="True" success="True" time="0.142" asserts="2" />
                      <test-case name="MvcContrib.UnitTests.FluentHtml.AutoLabelTests.auto_label_renders_if_the_element_has_some_other_behaviors_but_not_auto_label_settings" executed="True" success="True" time="0.017" asserts="2" />
                      <test-case name="MvcContrib.UnitTests.FluentHtml.AutoLabelTests.can_render_label_with_class" executed="True" success="True" time="0.001" asserts="3" />
                      <test-case name="MvcContrib.UnitTests.FluentHtml.AutoLabelTests.can_render_label_with_format" executed="True" success="True" time="0.001" asserts="2" />
                      <test-case name="MvcContrib.UnitTests.FluentHtml.AutoLabelTests.can_render_label_with_full_name" executed="True" success="True" time="0.001" asserts="2" />
                      <test-case name="MvcContrib.UnitTests.FluentHtml.AutoLabelTests.do_not_render_lable_if_not_qualified" executed="True" success="True" time="0.001" asserts="2" />
                      <test-case name="MvcContrib.UnitTests.FluentHtml.AutoLabelTests.label_renders_label_with_pascal_case_name_split" executed="True" success="True" time="0.002" asserts="2" />
                      <test-case name="MvcContrib.UnitTests.FluentHtml.AutoLabelTests.render_label_after" executed="True" success="True" time="0.002" asserts="1" />
                      <test-case name="MvcContrib.UnitTests.FluentHtml.AutoLabelTests.render_label_for_array_element_removes_array_notations" executed="True" success="True" time="0.001" asserts="2" />
                    </results>
                  </test-suite>
                  <test-suite name="ButtonTests" executed="True" success="True" time="0.003" asserts="0">
                    <results>
                      <test-case name="MvcContrib.UnitTests.FluentHtml.ButtonTests.button_renders_with_corect_tag_and_type" executed="True" success="True" time="0.003" asserts="5" />
                    </results>
                  </test-suite>
                  <test-suite name="CheckBoxListTests" executed="True" success="True" time="0.061" asserts="0">
                    <results>
                      <test-case name="MvcContrib.UnitTests.FluentHtml.CheckBoxListTests.can_generate_checkbox_list_from_model_choices" executed="True" success="True" time="0.047" asserts="22" />
                      <test-case name="MvcContrib.UnitTests.FluentHtml.CheckBoxListTests.can_generate_checkbox_list_with_formatted_items" executed="True" success="True" time="0.002" asserts="4" />
                      <test-case name="MvcContrib.UnitTests.FluentHtml.CheckBoxListTests.checkbox_list_renders_in_a_div" executed="True" success="True" time="0.000" asserts="4" />
                      <test-case name="MvcContrib.UnitTests.FluentHtml.CheckBoxListTests.radio_renders_selected_item_as_checked" executed="True" success="True" time="0.009" asserts="44" />
                    </results>
                  </test-suite>
                  <test-suite name="CheckboxTests" executed="True" success="True" time="0.020" asserts="0">
                    <results>
                      <test-case name="MvcContrib.UnitTests.FluentHtml.CheckboxTests.basic_checkbox_renders_with_corect_tag_and_type" executed="True" success="True" time="0.004" asserts="20" />
                      <test-case name="MvcContrib.UnitTests.FluentHtml.CheckboxTests.can_specify_item_class_for_checkbox_list" executed="True" success="True" time="0.003" asserts="19" />
                      <test-case name="MvcContrib.UnitTests.FluentHtml.CheckboxTests.checkbox_with_label_after_and_class_renders_label_after_with_class" executed="True" success="True" time="0.001" asserts="2" />
                      <test-case name="MvcContrib.UnitTests.FluentHtml.CheckboxTests.model_password_renders_with_id_and_name" executed="True" success="True" time="0.008" asserts="20" />
                    </results>
                  </test-suite>
                  <test-suite name="FileUploadTests" executed="True" success="True" time="0.003" asserts="0">
                    <results>
                      <test-case name="MvcContrib.UnitTests.FluentHtml.FileUploadTests.basic_file_upload_renders_with_corect_tag_and_type" executed="True" success="True" time="0.003" asserts="5" />
                    </results>
                  </test-suite>
                  <test-suite name="FormLiteralTests" executed="True" success="True" time="0.011" asserts="0">
                    <results>
                      <test-case name="MvcContrib.UnitTests.FluentHtml.FormLiteralTests.can_render_form_literal" executed="True" success="True" time="0.011" asserts="9" />
                    </results>
                  </test-suite>
                  <test-suite name="HiddenTests" executed="True" success="True" time="0.007" asserts="0">
                    <results>
                      <test-case name="MvcContrib.UnitTests.FluentHtml.HiddenTests.basic_password_renders_with_corect_tag_and_type" executed="True" success="True" time="0.005" asserts="5" />
                      <test-case name="MvcContrib.UnitTests.FluentHtml.HiddenTests.model_password_renders_with_id_and_name" executed="True" success="True" time="0.002" asserts="4" />
                    </results>
                  </test-suite>
                  <test-suite name="LabelTests" executed="True" success="True" time="0.016" asserts="0">
                    <results>
                      <test-case name="MvcContrib.UnitTests.FluentHtml.LabelTests.basic_label_renders_with_the_correct_tag" executed="True" success="True" time="0.005" asserts="1" />
                      <test-case name="MvcContrib.UnitTests.FluentHtml.LabelTests.label_html_encodes_its_value" executed="True" success="True" time="0.001" asserts="1" />
                      <test-case name="MvcContrib.UnitTests.FluentHtml.LabelTests.label_renders_with_correct_for_tag_when_pointed_to_an_element" executed="True" success="True" time="0.001" asserts="5" />
                      <test-case name="MvcContrib.UnitTests.FluentHtml.LabelTests.label_renders_with_inner_text_formatted" executed="True" success="True" time="0.002" asserts="1" />
                      <test-case name="MvcContrib.UnitTests.FluentHtml.LabelTests.label_with_specified_id_renders_that_id" executed="True" success="True" time="0.000" asserts="2" />
                      <test-case name="MvcContrib.UnitTests.FluentHtml.LabelTests.lable_renders_with_the_correct_inner_text" executed="True" success="True" time="0.000" asserts="1" />
                    </results>
                  </test-suite>
                  <test-suite name="LiteralTests" executed="True" success="True" time="0.016" asserts="0">
                    <results>
                      <test-case name="MvcContrib.UnitTests.FluentHtml.LiteralTests.literal_html_encodes_its_value" executed="True" success="True" time="0.001" asserts="1" />
                      <test-case name="MvcContrib.UnitTests.FluentHtml.LiteralTests.literal_renders_with_correct_inner_html" executed="True" success="True" time="0.005" asserts="1" />
                      <test-case name="MvcContrib.UnitTests.FluentHtml.LiteralTests.literal_renders_with_correct_inner_html_when_both_html_and_value_are_specified" executed="True" success="True" time="0.001" asserts="1" />
                      <test-case name="MvcContrib.UnitTests.FluentHtml.LiteralTests.literal_renders_with_correct_inner_text" executed="True" success="True" time="0.001" asserts="1" />
                      <test-case name="MvcContrib.UnitTests.FluentHtml.LiteralTests.literal_renders_with_correct_tag" executed="True" success="True" time="0.001" asserts="1" />
                      <test-case name="MvcContrib.UnitTests.FluentHtml.LiteralTests.literal_renders_with_id_set" executed="True" success="True" time="0.001" asserts="2" />
                      <test-case name="MvcContrib.UnitTests.FluentHtml.LiteralTests.literal_renders_with_inner_text_formatted" executed="True" success="True" time="0.001" asserts="1" />
                      <test-case name="MvcContrib.UnitTests.FluentHtml.LiteralTests.literal_with_no_html_or_value_should_render_with_no_inner_html" executed="True" success="True" time="0.000" asserts="1" />
                    </results>
                  </test-suite>
                  <test-suite name="MemberExpressionExtensionTests" executed="True" success="True" time="0.078" asserts="0">
                    <results>
                      <test-case name="MvcContrib.UnitTests.FluentHtml.MemberExpressionExtensionTests.can_get_name_for_compound_string_property" executed="True" success="True" time="0.004" asserts="1" />
                      <test-case name="MvcContrib.UnitTests.FluentHtml.MemberExpressionExtensionTests.can_get_name_for_instance_of_complex_collection_property" executed="True" success="True" time="0.006" asserts="1" />
                      <test-case name="MvcContrib.UnitTests.FluentHtml.MemberExpressionExtensionTests.can_get_name_for_instance_of_nested_complex_collection_property" executed="True" success="True" time="0.004" asserts="1" />
                      <test-case name="MvcContrib.UnitTests.FluentHtml.MemberExpressionExtensionTests.can_get_name_for_instance_of_simple_collection_property" executed="True" success="True" time="0.001" asserts="1" />
                      <test-case name="MvcContrib.UnitTests.FluentHtml.MemberExpressionExtensionTests.can_get_name_for_instance_of_simple_collection_property_using_a_local_variable_as_indexer" executed="True" success="True" time="0.003" asserts="1" />
                      <test-case name="MvcContrib.UnitTests.FluentHtml.MemberExpressionExtensionTests.can_get_name_for_property_of_instance_of_array" executed="True" success="True" time="0.005" asserts="1" />
                      <test-case name="MvcContrib.UnitTests.FluentHtml.MemberExpressionExtensionTests.can_get_name_for_property_of_instance_of_collection" executed="True" success="True" time="0.002" asserts="1" />
                      <test-case name="MvcContrib.UnitTests.FluentHtml.MemberExpressionExtensionTests.can_get_name_for_simple_decimal_property" executed="True" success="True" time="0.000" asserts="1" />
                      <test-case name="MvcContrib.UnitTests.FluentHtml.MemberExpressionExtensionTests.can_get_name_for_simple_string_property" executed="True" success="True" time="0.001" asserts="1" />
                      <test-case name="MvcContrib.UnitTests.FluentHtml.MemberExpressionExtensionTests.can_get_value_from_model" executed="True" success="True" time="0.027" asserts="1" />
                      <test-case name="MvcContrib.UnitTests.FluentHtml.MemberExpressionExtensionTests.get_name_for_applies_prefix_from_view" executed="True" success="True" time="0.004" asserts="1" />
                      <test-case name="MvcContrib.UnitTests.FluentHtml.MemberExpressionExtensionTests.get_name_for_applies_prefix_from_view_to_collection_model" executed="True" success="True" time="0.002" asserts="1" />
                      <test-case name="MvcContrib.UnitTests.FluentHtml.MemberExpressionExtensionTests.get_value_for_null_intermediate_property_returns_null" executed="True" success="True" time="0.007" asserts="1" />
                    </results>
                  </test-suite>
                  <test-suite name="ModelStateDictionaryExtensionsTests" executed="True" success="True" time="0.008" asserts="0">
                    <results>
                      <test-case name="MvcContrib.UnitTests.FluentHtml.ModelStateDictionaryExtensionsTests.Should_add_an_error_message_to_the_model_state_using_an_expression_for_a_nested_property" executed="True" success="True" time="0.003" asserts="1" />
                      <test-case name="MvcContrib.UnitTests.FluentHtml.ModelStateDictionaryExtensionsTests.Should_add_an_error_message_to_the_model_state_using_an_expression_for_a_simple_property" executed="True" success="True" time="0.001" asserts="1" />
                      <test-case name="MvcContrib.UnitTests.FluentHtml.ModelStateDictionaryExtensionsTests.Should_add_an_exception_to_the_model_state_using_an_expression_for_a_nested_property" executed="True" success="True" time="0.002" asserts="1" />
                      <test-case name="MvcContrib.UnitTests.FluentHtml.ModelStateDictionaryExtensionsTests.Should_add_an_exception_to_the_model_state_using_an_expression_for_a_simple_property" executed="True" success="True" time="0.001" asserts="1" />
                    </results>
                  </test-suite>
                  <test-suite name="ModelViewMasterPageTests" executed="True" success="True" time="0.065" asserts="0">
                    <results>
                      <test-case name="MvcContrib.UnitTests.FluentHtml.ModelViewMasterPageTests.can_get_html_behaviors" executed="True" success="True" time="0.065" asserts="3" />
                    </results>
                  </test-suite>
                  <test-suite name="ModelViewPageTests" executed="True" success="True" time="0.004" asserts="0">
                    <results>
                      <test-case name="MvcContrib.UnitTests.FluentHtml.ModelViewPageTests.can_get_html_behaviors" executed="True" success="True" time="0.004" asserts="3" />
                    </results>
                  </test-suite>
                  <test-suite name="ModelViewUserControlPageTests" executed="True" success="True" time="0.003" asserts="0">
                    <results>
                      <test-case name="MvcContrib.UnitTests.FluentHtml.ModelViewUserControlPageTests.can_get_html_behaviors" executed="True" success="True" time="0.003" asserts="3" />
                    </results>
                  </test-suite>
                  <test-suite name="MultiSelectTests" executed="True" success="True" time="0.015" asserts="0">
                    <results>
                      <test-case name="MvcContrib.UnitTests.FluentHtml.MultiSelectTests.basic_multi_select_renders_with_no_options" executed="True" success="True" time="0.006" asserts="9" />
                      <test-case name="MvcContrib.UnitTests.FluentHtml.MultiSelectTests.basic_multiselect_renders_with_options_from_dictionary" executed="True" success="True" time="0.004" asserts="20" />
                      <test-case name="MvcContrib.UnitTests.FluentHtml.MultiSelectTests.basic_select_renders_select_with_options_from_select_list" executed="True" success="True" time="0.003" asserts="20" />
                    </results>
                  </test-suite>
                  <test-suite name="OptionTests" executed="True" success="True" time="0.004" asserts="0">
                    <results>
                      <test-case name="MvcContrib.UnitTests.FluentHtml.OptionTests.option_text_html_encodes_inner_text" executed="True" success="True" time="0.000" asserts="1" />
                      <test-case name="MvcContrib.UnitTests.FluentHtml.OptionTests.option_value_html_encodes_value" executed="True" success="True" time="0.003" asserts="2" />
                    </results>
                  </test-suite>
                  <test-suite name="PasswordTests" executed="True" success="True" time="0.003" asserts="0">
                    <results>
                      <test-case name="MvcContrib.UnitTests.FluentHtml.PasswordTests.basic_password_upload_renders_with_corect_tag_and_type" executed="True" success="True" time="0.001" asserts="5" />
                      <test-case name="MvcContrib.UnitTests.FluentHtml.PasswordTests.model_password_renders_with_id_and_name" executed="True" success="True" time="0.001" asserts="4" />
                    </results>
                  </test-suite>
                  <test-suite name="RadioButtonTests" executed="True" success="True" time="0.008" asserts="0">
                    <results>
                      <test-case name="MvcContrib.UnitTests.FluentHtml.RadioButtonTests.can_format_a_radio_button" executed="True" success="True" time="0.004" asserts="2" />
                      <test-case name="MvcContrib.UnitTests.FluentHtml.RadioButtonTests.can_get_a_checked_radio_button" executed="True" success="True" time="0.001" asserts="4" />
                      <test-case name="MvcContrib.UnitTests.FluentHtml.RadioButtonTests.can_get_a_radio_button_with_label_after" executed="True" success="True" time="0.001" asserts="18" />
                    </results>
                  </test-suite>
                  <test-suite name="RadioSetTests" executed="True" success="True" time="0.019" asserts="0">
                    <results>
                      <test-case name="MvcContrib.UnitTests.FluentHtml.RadioSetTests.can_generate_radio_set_from_enum" executed="True" success="True" time="0.008" asserts="39" />
                      <test-case name="MvcContrib.UnitTests.FluentHtml.RadioSetTests.can_generate_radio_set_from_model_choices" executed="True" success="True" time="0.002" asserts="21" />
                      <test-case name="MvcContrib.UnitTests.FluentHtml.RadioSetTests.can_specify_item_class_for_radio_set" executed="True" success="True" time="0.001" asserts="19" />
                      <test-case name="MvcContrib.UnitTests.FluentHtml.RadioSetTests.can_specify_option_format_for_radio_set" executed="True" success="True" time="0.002" asserts="7" />
                      <test-case name="MvcContrib.UnitTests.FluentHtml.RadioSetTests.radio_renders_selected_item_as_checked" executed="True" success="True" time="0.002" asserts="6" />
                      <test-case name="MvcContrib.UnitTests.FluentHtml.RadioSetTests.radio_set_renders_in_a_div" executed="True" success="True" time="0.000" asserts="4" />
                    </results>
                  </test-suite>
                  <test-suite name="ResetButtonTests" executed="True" success="True" time="0.003" asserts="0">
                    <results>
                      <test-case name="MvcContrib.UnitTests.FluentHtml.ResetButtonTests.reset_button_renders_with_corect_tag_and_type" executed="True" success="True" time="0.002" asserts="5" />
                    </results>
                  </test-suite>
                  <test-suite name="SelectTests" executed="True" success="True" time="0.059" asserts="0">
                    <results>
                      <test-case name="MvcContrib.UnitTests.FluentHtml.SelectTests.basic_select_can_select_null_valued_options" executed="True" success="True" time="0.004" asserts="14" />
                      <test-case name="MvcContrib.UnitTests.FluentHtml.SelectTests.basic_select_renders_select_size" executed="True" success="True" time="0.001" asserts="4" />
                      <test-case name="MvcContrib.UnitTests.FluentHtml.SelectTests.basic_select_renders_select_with_options_from_select_list" executed="True" success="True" time="0.003" asserts="14" />
                      <test-case name="MvcContrib.UnitTests.FluentHtml.SelectTests.basic_select_renders_with_no_options" executed="True" success="True" time="0.001" asserts="7" />
                      <test-case name="MvcContrib.UnitTests.FluentHtml.SelectTests.basic_select_renders_with_options_from_dictionary" executed="True" success="True" time="0.002" asserts="14" />
                      <test-case name="MvcContrib.UnitTests.FluentHtml.SelectTests.can_render_options_from_enumerable_of_simple_objects" executed="True" success="True" time="0.013" asserts="13" />
                      <test-case name="MvcContrib.UnitTests.FluentHtml.SelectTests.select_option_null_renders_with_no_options" executed="True" success="True" time="0.000" asserts="3" />
                      <test-case name="MvcContrib.UnitTests.FluentHtml.SelectTests.select_option_of_enumerable_select_list_item_renders_options" executed="True" success="True" time="0.008" asserts="20" />
                      <test-case name="MvcContrib.UnitTests.FluentHtml.SelectTests.select_option_with_no_items_renders_with_no_options" executed="True" success="True" time="0.000" asserts="3" />
                      <test-case name="MvcContrib.UnitTests.FluentHtml.SelectTests.select_options_not_told_to_hide_the_first_option_should_emit_the_first_option_text" executed="True" success="True" time="0.002" asserts="18" />
                      <test-case name="MvcContrib.UnitTests.FluentHtml.SelectTests.select_options_told_to_hide_the_first_option_should_not_emit_the_first_option_text" executed="True" success="True" time="0.000" asserts="13" />
                      <test-case name="MvcContrib.UnitTests.FluentHtml.SelectTests.select_options_with_generic_param_not_enum_throws" executed="True" success="True" time="0.003" asserts="0" />
                      <test-case name="MvcContrib.UnitTests.FluentHtml.SelectTests.select_options_with_null_text_field_selector_should_throw" executed="True" success="True" time="0.002" asserts="0" />
                      <test-case name="MvcContrib.UnitTests.FluentHtml.SelectTests.select_options_with_null_value_field_selector_should_throw" executed="True" success="True" time="0.001" asserts="0" />
                      <test-case name="MvcContrib.UnitTests.FluentHtml.SelectTests.select_options_with_simple_enumeration_of_objects_can_have_a_first_option_specified" executed="True" success="True" time="0.001" asserts="18" />
                      <test-case name="MvcContrib.UnitTests.FluentHtml.SelectTests.select_options_with_simple_enumeration_of_objects_can_have_a_first_option_text_specified" executed="True" success="True" time="0.000" asserts="18" />
                      <test-case name="MvcContrib.UnitTests.FluentHtml.SelectTests.select_options_with_wrong_data_text_field_throws_on_tostring" executed="True" success="True" time="0.001" asserts="0" />
                      <test-case name="MvcContrib.UnitTests.FluentHtml.SelectTests.select_options_with_wrong_data_value_field_throws_on_tostring" executed="True" success="True" time="0.002" asserts="0" />
                      <test-case name="MvcContrib.UnitTests.FluentHtml.SelectTests.select_with_lambda_selector_for_options_should_render" executed="True" success="True" time="0.002" asserts="8" />
                      <test-case name="MvcContrib.UnitTests.FluentHtml.SelectTests.select_with_options_for_enum_renders_enum_values_as_options" executed="True" success="True" time="0.001" asserts="24" />
                      <test-case name="MvcContrib.UnitTests.FluentHtml.SelectTests.select_with_options_for_enum_renders_null_first_option" executed="True" success="True" time="0.001" asserts="8" />
                    </results>
                  </test-suite>
                  <test-suite name="SubmitButtonTests" executed="True" success="True" time="0.003" asserts="0">
                    <results>
                      <test-case name="MvcContrib.UnitTests.FluentHtml.SubmitButtonTests.submit_button_renders_with_corect_tag_and_type" executed="True" success="True" time="0.002" asserts="5" />
                    </results>
                  </test-suite>
                  <test-suite name="TextAreaTests" executed="True" success="True" time="0.031" asserts="0">
                    <results>
                      <test-case name="MvcContrib.UnitTests.FluentHtml.TextAreaTests.model_textbox_renders_with_correct_tag_id_and_name" executed="True" success="True" time="0.006" asserts="5" />
                      <test-case name="MvcContrib.UnitTests.FluentHtml.TextAreaTests.textarea_columns_renders_columns" executed="True" success="True" time="0.001" asserts="4" />
                      <test-case name="MvcContrib.UnitTests.FluentHtml.TextAreaTests.textarea_renders_with_correct_inner_text" executed="True" success="True" time="0.000" asserts="3" />
                      <test-case name="MvcContrib.UnitTests.FluentHtml.TextAreaTests.textarea_renders_with_correct_inner_text_from_enumerable_value_with_formatting" executed="True" success="True" time="0.016" asserts="3" />
                      <test-case name="MvcContrib.UnitTests.FluentHtml.TextAreaTests.textarea_renders_with_correct_tag_id_and_name" executed="True" success="True" time="0.000" asserts="5" />
                      <test-case name="MvcContrib.UnitTests.FluentHtml.TextAreaTests.textarea_renders_with_formatted_inner_text" executed="True" success="True" time="0.000" asserts="3" />
                      <test-case name="MvcContrib.UnitTests.FluentHtml.TextAreaTests.textarea_rows_renders_rows" executed="True" success="True" time="0.001" asserts="4" />
                      <test-case name="MvcContrib.UnitTests.FluentHtml.TextAreaTests.textarea_value_html_encodes_inner_text" executed="True" success="True" time="0.000" asserts="3" />
                    </results>
                  </test-suite>
                  <test-suite name="TextBoxTests" executed="True" success="True" time="0.037" asserts="0">
                    <results>
                      <test-case name="MvcContrib.UnitTests.FluentHtml.TextBoxTests.basic_textbox_renders_with_id_and_name_and_value" executed="True" success="True" time="0.000" asserts="10" />
                      <test-case name="MvcContrib.UnitTests.FluentHtml.TextBoxTests.model_textbox_renders_with_id_and_name" executed="True" success="True" time="0.001" asserts="5" />
                      <test-case name="MvcContrib.UnitTests.FluentHtml.TextBoxTests.model_textbox_renders_with_id_and_name_from_nested_member" executed="True" success="True" time="0.001" asserts="4" />
[...]
                      <test-case name="MvcContrib.UnitTests.UI.ScriptableElementTester+With_All_Properties.Init_With_Tag_Name_Uses_Tag" executed="True" success="True" time="0.001" asserts="1" />
                      <test-case name="MvcContrib.UnitTests.UI.ScriptableElementTester+With_All_Properties.When_Set_UseInlineScripts_Then_Get_UseInlineScripts" executed="True" success="True" time="0.001" asserts="1" />
                    </results>
                  </test-suite>
                </results>
              </test-suite>
              <test-suite name="UrlHelperExtensionsTester" executed="True" success="True" time="0.012" asserts="0">
                <results>
                  <test-case name="MvcContrib.UnitTests.UrlHelperExtensionsTester.Builds_url_from_strongly_typed_expression" executed="True" success="True" time="0.012" asserts="1" />
                </results>
              </test-suite>
              <test-suite name="ViewDataExtensionsForIDictionaryTester" executed="True" success="True" time="0.294" asserts="0">
                <results>
                  <test-case name="MvcContrib.UnitTests.ViewDataExtensionsForIDictionaryTester.AddingTwoDefaultObjectsOfSameTypeThrows" executed="True" success="True" time="0.002" asserts="0" />
                  <test-case name="MvcContrib.UnitTests.ViewDataExtensionsForIDictionaryTester.ShouldBeAbleToGetADefaultValueIfTheKeyDoesntExist" executed="True" success="True" time="0.002" asserts="2" />
                  <test-case name="MvcContrib.UnitTests.ViewDataExtensionsForIDictionaryTester.ShouldBeAbleToInitializeBagWithSeveralObjects" executed="True" success="True" time="0.001" asserts="2" />
                  <test-case name="MvcContrib.UnitTests.ViewDataExtensionsForIDictionaryTester.ShouldBeAbleToInitializeBagWithSeveralObjectsWithExplicitTypes" executed="True" success="True" time="0.002" asserts="2" />
                  <test-case name="MvcContrib.UnitTests.ViewDataExtensionsForIDictionaryTester.ShouldCountNumberOfObjectsOfGivenType" executed="True" success="True" time="0.001" asserts="2" />
                  <test-case name="MvcContrib.UnitTests.ViewDataExtensionsForIDictionaryTester.ShouldGetMeaningfulExceptionIfObjectDoesntExist" executed="True" success="True" time="0.001" asserts="0" />
                  <test-case name="MvcContrib.UnitTests.ViewDataExtensionsForIDictionaryTester.ShouldGetMeaningfulExceptionIfObjectDoesntExistByKey" executed="True" success="True" time="0.000" asserts="0" />
                  <test-case name="MvcContrib.UnitTests.ViewDataExtensionsForIDictionaryTester.ShouldGetObjectBasedOnType" executed="True" success="True" time="0.001" asserts="0" />
                  <test-case name="MvcContrib.UnitTests.ViewDataExtensionsForIDictionaryTester.ShouldHandleProxiedObjectsByType" executed="True" success="True" time="0.043" asserts="1" />
                  <test-case name="MvcContrib.UnitTests.ViewDataExtensionsForIDictionaryTester.ShouldInitializeWithKeys" executed="True" success="True" time="0.001" asserts="2" />
                  <test-case name="MvcContrib.UnitTests.ViewDataExtensionsForIDictionaryTester.ShouldInitializeWithProxiesAndResolveCorrectly" executed="True" success="True" time="0.224" asserts="2" />
                  <test-case name="MvcContrib.UnitTests.ViewDataExtensionsForIDictionaryTester.ShouldManageMoreThanOneObjectPerType" executed="True" success="True" time="0.002" asserts="2" />
                  <test-case name="MvcContrib.UnitTests.ViewDataExtensionsForIDictionaryTester.ShouldReportContainsCorrectly" executed="True" success="True" time="0.003" asserts="2" />
                  <test-case name="MvcContrib.UnitTests.ViewDataExtensionsForIDictionaryTester.ShouldRetrieveSingleObjectByType" executed="True" success="True" time="0.000" asserts="2" />
                </results>
              </test-suite>
              <test-suite name="ViewDataExtensionsForViewDataTester" executed="True" success="True" time="0.022" asserts="0">
                <results>
                  <test-case name="MvcContrib.UnitTests.ViewDataExtensionsForViewDataTester.ShouldBeAbleToGetADefaultValueIfTheKeyDoesntExist" executed="True" success="True" time="0.002" asserts="2" />
                  <test-case name="MvcContrib.UnitTests.ViewDataExtensionsForViewDataTester.ShouldGetMeaningfulExceptionIfObjectDoesntExist" executed="True" success="True" time="0.002" asserts="0" />
                  <test-case name="MvcContrib.UnitTests.ViewDataExtensionsForViewDataTester.ShouldGetMeaningfulExceptionIfObjectDoesntExistByKey" executed="True" success="True" time="0.001" asserts="0" />
                  <test-case name="MvcContrib.UnitTests.ViewDataExtensionsForViewDataTester.ShouldGetObjectBasedOnType" executed="True" success="True" time="0.002" asserts="0" />
                  <test-case name="MvcContrib.UnitTests.ViewDataExtensionsForViewDataTester.ShouldHandleProxiedObjectsByType" executed="True" success="True" time="0.002" asserts="1" />
                  <test-case name="MvcContrib.UnitTests.ViewDataExtensionsForViewDataTester.ShouldInitializeWithKeys" executed="True" success="True" time="0.000" asserts="2" />
                  <test-case name="MvcContrib.UnitTests.ViewDataExtensionsForViewDataTester.ShouldInitializeWithProxiesAndResolveCorrectly" executed="True" success="True" time="0.002" asserts="2" />
                  <test-case name="MvcContrib.UnitTests.ViewDataExtensionsForViewDataTester.ShouldManageMoreThanOneObjectPerType" executed="True" success="True" time="0.000" asserts="2" />
                  <test-case name="MvcContrib.UnitTests.ViewDataExtensionsForViewDataTester.ShouldReportContainsCorrectly" executed="True" success="True" time="0.002" asserts="2" />
                  <test-case name="MvcContrib.UnitTests.ViewDataExtensionsForViewDataTester.ShouldRetrieveSingleObjectByType" executed="True" success="True" time="0.001" asserts="2" />
                </results>
              </test-suite>
              <test-suite name="ViewFactories" executed="True" success="True" time="0.579" asserts="0">
                <results>
                  <test-suite name="DescriptableDictionaryTester" executed="True" success="True" time="0.061" asserts="0">
                    <categories>
                      <category name="NVelocityViewEngine" />
                    </categories>
                    <results>
                      <test-case name="MvcContrib.UnitTests.ViewFactories.DescriptableDictionaryTester.Creates_One_Property_For_Each_Dictionary_Entry" executed="True" success="True" time="0.041" asserts="3" />
                      <test-case name="MvcContrib.UnitTests.ViewFactories.DescriptableDictionaryTester.ForCoverage" executed="True" success="True" time="0.018" asserts="0" />
                    </results>
                  </test-suite>
                  <test-suite name="ExtensionDuckTester" executed="True" success="True" time="0.056" asserts="0">
                    <categories>
                      <category name="NVelocityViewEngine" />
                    </categories>
                    <results>
                      <test-case name="MvcContrib.UnitTests.ViewFactories.ExtensionDuckTester.CanAddExtensionsToHtmlExtensionDuck" executed="True" success="True" time="0.033" asserts="1" />
                      <test-case name="MvcContrib.UnitTests.ViewFactories.ExtensionDuckTester.CanFindMethodWithAmbiguousOverloads" executed="True" success="True" time="0.005" asserts="1" />
                      <test-case name="MvcContrib.UnitTests.ViewFactories.ExtensionDuckTester.CanInvokeMethodWithParamsArray" executed="True" success="True" time="0.008" asserts="1" />
                      <test-case name="MvcContrib.UnitTests.ViewFactories.ExtensionDuckTester.Depends_On_Instance" executed="True" success="True" time="0.001" asserts="0" />
                      <test-case name="MvcContrib.UnitTests.ViewFactories.ExtensionDuckTester.Does_Not_Support_Get" executed="True" success="True" time="0.001" asserts="0" />
                      <test-case name="MvcContrib.UnitTests.ViewFactories.ExtensionDuckTester.Does_Not_Support_Set" executed="True" success="True" time="0.000" asserts="0" />
                      <test-case name="MvcContrib.UnitTests.ViewFactories.ExtensionDuckTester.ForCoverage" executed="True" success="True" time="0.001" asserts="0" />
                      <test-case name="MvcContrib.UnitTests.ViewFactories.ExtensionDuckTester.Returns_Null_For_Empty_Invoke" executed="True" success="True" time="0.001" asserts="1" />
                    </results>
                  </test-suite>
                  <test-suite name="FileSystemViewSourceLoaderTester" executed="True" success="True" time="0.006" asserts="0">
                    <categories>
                      <category name="ViewFactories" />
                    </categories>
                    <results>
                      <test-case name="MvcContrib.UnitTests.ViewFactories.FileSystemViewSourceLoaderTester.Can_Add_And_Remove_Listeners" executed="True" success="True" time="0.003" asserts="0" />
                      <test-case name="MvcContrib.UnitTests.ViewFactories.FileSystemViewSourceLoaderTester.GetViewSource_ReturnsNull_For_Non_Existing_Views" executed="True" success="True" time="0.000" asserts="1" />
                      <test-case name="MvcContrib.UnitTests.ViewFactories.FileSystemViewSourceLoaderTester.HasView_ReturnsFalse_For_Non_Existing_Views" executed="True" success="True" time="0.001" asserts="1" />
                      <test-case name="MvcContrib.UnitTests.ViewFactories.FileSystemViewSourceLoaderTester.ListViews_Returns_Empty_Array_For_Invalid_Directory" executed="True" success="True" time="0.001" asserts="2" />
                    </results>
                  </test-suite>
                  <test-suite name="FileViewSourceTester" executed="True" success="True" time="0.005" asserts="0">
                    <categories>
                      <category name="ViewFactories" />
                    </categories>
                    <results>
                      <test-case name="MvcContrib.UnitTests.ViewFactories.FileViewSourceTester.Can_Open_Existing_File" executed="True" success="True" time="0.001" asserts="2" />
                      <test-case name="MvcContrib.UnitTests.ViewFactories.FileViewSourceTester.FileViewSource_DependsOn_FileInfo" executed="True" success="True" time="0.001" asserts="0" />
                    </results>
                  </test-suite>
                  <test-suite name="HtmlExtensionDuckTester" executed="True" success="True" time="0.037" asserts="0">
                    <categories>
                      <category name="NVelocityViewEngine" />
                    </categories>
                    <results>
                      <test-case name="MvcContrib.UnitTests.ViewFactories.HtmlExtensionDuckTester.Depends_On_HtmlHelper" executed="True" success="True" time="0.007" asserts="0" />
                      <test-case name="MvcContrib.UnitTests.ViewFactories.HtmlExtensionDuckTester.Invokes_Methods_On_HtmlHelper" executed="True" success="True" time="0.013" asserts="1" />
                      <test-case name="MvcContrib.UnitTests.ViewFactories.HtmlExtensionDuckTester.Invokes_Methods_On_HtmlHelper_Extension_Classes" executed="True" success="True" time="0.012" asserts="1" />
                      <test-case name="MvcContrib.UnitTests.ViewFactories.HtmlExtensionDuckTester.Returns_Null_For_Unresolved_Methods" executed="True" success="True" time="0.002" asserts="1" />
                    </results>
                  </test-suite>
                  <test-suite name="NVelocityHtmlHelperTester" executed="True" success="True" time="0.017" asserts="0">
                    <categories>
                      <category name="NVelocityViewEngine" />
                    </categories>
                    <results>
                      <test-case name="MvcContrib.UnitTests.ViewFactories.NVelocityHtmlHelperTester.TextBox_Passes_Through_Attributes" executed="True" success="True" time="0.011" asserts="1" />
                      <test-case name="MvcContrib.UnitTests.ViewFactories.NVelocityHtmlHelperTester.TextBox_Passes_Through_Attributes_With_Value" executed="True" success="True" time="0.005" asserts="1" />
                    </results>
                  </test-suite>
                  <test-suite name="NVelocityViewEngineTester" executed="True" success="True" time="0.274" asserts="0">
                    <results>
                      <test-case name="MvcContrib.UnitTests.ViewFactories.NVelocityViewEngineTester.InvalidMasterThrows" executed="True" success="True" time="0.120" asserts="0" />
                      <test-case name="MvcContrib.UnitTests.ViewFactories.NVelocityViewEngineTester.InvalidViewThrows" executed="True" success="True" time="0.017" asserts="0" />
                      <test-case name="MvcContrib.UnitTests.ViewFactories.NVelocityViewEngineTester.LoadValidView" executed="True" success="True" time="0.023" asserts="2" />
                      <test-case name="MvcContrib.UnitTests.ViewFactories.NVelocityViewEngineTester.LoadValidViewWithMaster" executed="True" success="True" time="0.010" asserts="3" />
                      <test-case name="MvcContrib.UnitTests.ViewFactories.NVelocityViewEngineTester.ReleaseView_should_not_throw" executed="True" success="True" time="0.019" asserts="0" />
                      <test-case name="MvcContrib.UnitTests.ViewFactories.NVelocityViewEngineTester.ShouldRenderView" executed="True" success="True" time="0.015" asserts="1" />
                      <test-case name="MvcContrib.UnitTests.ViewFactories.NVelocityViewEngineTester.WillAcceptNullProperties" executed="True" success="True" time="0.068" asserts="0" />
                    </results>
                  </test-suite>
                  <test-suite name="NVelocityViewTester" executed="True" success="True" time="0.109" asserts="0">
                    <results>
                      <test-case name="MvcContrib.UnitTests.ViewFactories.NVelocityViewTester.CanRenderView" executed="True" success="True" time="0.023" asserts="1" />
                      <test-case name="MvcContrib.UnitTests.ViewFactories.NVelocityViewTester.CanRenderViewWithMaster" executed="True" success="True" time="0.006" asserts="1" />
                      <test-case name="MvcContrib.UnitTests.ViewFactories.NVelocityViewTester.CanRenderViewWithTempData" executed="True" success="True" time="0.066" asserts="1" />
                      <test-case name="MvcContrib.UnitTests.ViewFactories.NVelocityViewTester.CanRenderViewWithViewData" executed="True" success="True" time="0.011" asserts="1" />
                    </results>
                  </test-suite>
                </results>
              </test-suite>
              <test-suite name="XsltViewEngine" executed="True" success="True" time="1.773" asserts="0">
                <results>
                  <test-suite name="XmlResponseBuilderTest" executed="True" success="True" time="0.129" asserts="0">
                    <categories>
                      <category name="XsltViewEngine" />
                    </categories>
                    <results>
                      <test-case name="MvcContrib.UnitTests.XsltViewEngine.XmlResponseBuilderTest.AppendDataSourceToResponse_Via_XmlNode" executed="True" success="True" time="0.033" asserts="1" />
                      <test-case name="MvcContrib.UnitTests.XsltViewEngine.XmlResponseBuilderTest.AppendDataSourceToResponse_Via_XmlReader" executed="True" success="True" time="0.012" asserts="1" />
                      <test-case name="MvcContrib.UnitTests.XsltViewEngine.XmlResponseBuilderTest.AppendPage_For_A_GetRequest_WithPageVars" executed="True" success="True" time="0.011" asserts="1" />
                      <test-case name="MvcContrib.UnitTests.XsltViewEngine.XmlResponseBuilderTest.CreateNewNode" executed="True" success="True" time="0.008" asserts="2" />
                      <test-case name="MvcContrib.UnitTests.XsltViewEngine.XmlResponseBuilderTest.CreateNewNodeExtensionMethod" executed="True" success="True" time="0.008" asserts="2" />
                      <test-case name="MvcContrib.UnitTests.XsltViewEngine.XmlResponseBuilderTest.InitMessageStructure_For_A_GetRequest" executed="True" success="True" time="0.010" asserts="1" />
                      <test-case name="MvcContrib.UnitTests.XsltViewEngine.XmlResponseBuilderTest.InitMessageStructure_For_A_GetRequest_WithMessages" executed="True" success="True" time="0.011" asserts="1" />
                      <test-case name="MvcContrib.UnitTests.XsltViewEngine.XmlResponseBuilderTest.InitMessageStructure_For_A_PostRequest" executed="True" success="True" time="0.013" asserts="1" />
                      <test-case name="MvcContrib.UnitTests.XsltViewEngine.XmlResponseBuilderTest.InitMessageStructure_For_A_PostRequest_WithALowEcmaScriptVersion" executed="True" success="True" time="0.010" asserts="1" />
                      <test-case name="MvcContrib.UnitTests.XsltViewEngine.XmlResponseBuilderTest.InstantiateTest" executed="True" success="True" time="0.008" asserts="2" />
                    </results>
                  </test-suite>
                  <test-suite name="XslDataSourceTest" executed="True" success="True" time="0.002" asserts="0">
                    <categories>
                      <category name="XsltViewEngine" />
                    </categories>
                    <results>
                      <test-case name="MvcContrib.UnitTests.XsltViewEngine.XslDataSourceTest.Instantiate" executed="True" success="True" time="0.001" asserts="4" />
                      <test-case name="MvcContrib.UnitTests.XsltViewEngine.XslDataSourceTest.Instantiate_WithoutRootName" executed="True" success="True" time="0.000" asserts="3" />
                    </results>
                  </test-suite>
                  <test-suite name="XslTemplateTest" executed="True" success="True" time="1.498" asserts="0">
                    <categories>
                      <category name="XsltViewEngine" />
                    </categories>
                    <results>
                      <test-case name="MvcContrib.UnitTests.XsltViewEngine.XslTemplateTest.CreateTransformer" executed="True" success="True" time="1.497" asserts="1" />
                      <test-case name="MvcContrib.UnitTests.XsltViewEngine.XslTemplateTest.XsltTemplate_DependsOn_VirtualPathProvider" executed="True" success="True" time="0.000" asserts="0" />
                    </results>
                  </test-suite>
                  <test-suite name="XsltViewFactoryTest" executed="True" success="True" time="0.026" asserts="0">
                    <categories>
                      <category name="XsltViewEngine" />
                    </categories>
                    <results>
                      <test-case name="MvcContrib.UnitTests.XsltViewEngine.XsltViewFactoryTest.ThrowExceptionWhenDataTypeIsInvalid" executed="True" success="True" time="0.026" asserts="0" />
                    </results>
                  </test-suite>
                  <test-suite name="XsltViewTest" executed="True" success="True" time="0.108" asserts="0">
                    <categories>
                      <category name="XsltViewEngine" />
                    </categories>
                    <results>
                      <test-case name="MvcContrib.UnitTests.XsltViewEngine.XsltViewTest.RenderViewTest" executed="True" success="True" time="0.108" asserts="2" />
                    </results>
                  </test-suite>
                </results>
              </test-suite>
            </results>
          </test-suite>
        </results>
      </test-suite>
    </results>
  </test-suite>
</test-results>